2020-08-27 16:15:26,798 0      [           main] DEBUG ache.ibatis.logging.LogFactory  - Logging initialized using 'class org.apache.ibatis.logging.log4j.Log4jImpl' adapter.
2020-08-27 16:15:27,047 249    [           main] DEBUG source.pooled.PooledDataSource  - PooledDataSource forcefully closed/removed all connections.
2020-08-27 16:15:27,048 250    [           main] DEBUG source.pooled.PooledDataSource  - PooledDataSource forcefully closed/removed all connections.
2020-08-27 16:15:27,048 250    [           main] DEBUG source.pooled.PooledDataSource  - PooledDataSource forcefully closed/removed all connections.
2020-08-27 16:15:27,048 250    [           main] DEBUG source.pooled.PooledDataSource  - PooledDataSource forcefully closed/removed all connections.
2020-08-27 16:16:24,917 0      [           main] DEBUG ache.ibatis.logging.LogFactory  - Logging initialized using 'class org.apache.ibatis.logging.log4j.Log4jImpl' adapter.
2020-08-27 16:16:25,072 155    [           main] DEBUG source.pooled.PooledDataSource  - PooledDataSource forcefully closed/removed all connections.
2020-08-27 16:16:25,072 155    [           main] DEBUG source.pooled.PooledDataSource  - PooledDataSource forcefully closed/removed all connections.
2020-08-27 16:16:25,072 155    [           main] DEBUG source.pooled.PooledDataSource  - PooledDataSource forcefully closed/removed all connections.
2020-08-27 16:16:25,072 155    [           main] DEBUG source.pooled.PooledDataSource  - PooledDataSource forcefully closed/removed all connections.
2020-08-27 16:16:25,214 297    [           main] DEBUG ansaction.jdbc.JdbcTransaction  - Opening JDBC Connection
2020-08-27 16:17:07,391 0      [           main] DEBUG ache.ibatis.logging.LogFactory  - Logging initialized using 'class org.apache.ibatis.logging.log4j.Log4jImpl' adapter.
2020-08-27 16:17:07,544 153    [           main] DEBUG source.pooled.PooledDataSource  - PooledDataSource forcefully closed/removed all connections.
2020-08-27 16:17:07,544 153    [           main] DEBUG source.pooled.PooledDataSource  - PooledDataSource forcefully closed/removed all connections.
2020-08-27 16:17:07,545 154    [           main] DEBUG source.pooled.PooledDataSource  - PooledDataSource forcefully closed/removed all connections.
2020-08-27 16:17:07,545 154    [           main] DEBUG source.pooled.PooledDataSource  - PooledDataSource forcefully closed/removed all connections.
2020-08-27 16:17:07,662 271    [           main] DEBUG ansaction.jdbc.JdbcTransaction  - Opening JDBC Connection
2020-08-27 16:18:39,687 0      [           main] DEBUG ache.ibatis.logging.LogFactory  - Logging initialized using 'class org.apache.ibatis.logging.log4j.Log4jImpl' adapter.
2020-08-27 16:18:39,834 147    [           main] DEBUG source.pooled.PooledDataSource  - PooledDataSource forcefully closed/removed all connections.
2020-08-27 16:18:39,834 147    [           main] DEBUG source.pooled.PooledDataSource  - PooledDataSource forcefully closed/removed all connections.
2020-08-27 16:18:39,834 147    [           main] DEBUG source.pooled.PooledDataSource  - PooledDataSource forcefully closed/removed all connections.
2020-08-27 16:18:39,834 147    [           main] DEBUG source.pooled.PooledDataSource  - PooledDataSource forcefully closed/removed all connections.
2020-08-27 16:18:39,951 264    [           main] DEBUG ansaction.jdbc.JdbcTransaction  - Opening JDBC Connection
2020-08-27 16:20:28,668 0      [           main] DEBUG ache.ibatis.logging.LogFactory  - Logging initialized using 'class org.apache.ibatis.logging.log4j.Log4jImpl' adapter.
2020-08-27 16:20:28,819 151    [           main] DEBUG source.pooled.PooledDataSource  - PooledDataSource forcefully closed/removed all connections.
2020-08-27 16:20:28,819 151    [           main] DEBUG source.pooled.PooledDataSource  - PooledDataSource forcefully closed/removed all connections.
2020-08-27 16:20:28,819 151    [           main] DEBUG source.pooled.PooledDataSource  - PooledDataSource forcefully closed/removed all connections.
2020-08-27 16:20:28,819 151    [           main] DEBUG source.pooled.PooledDataSource  - PooledDataSource forcefully closed/removed all connections.
2020-08-27 16:20:28,943 275    [           main] DEBUG ansaction.jdbc.JdbcTransaction  - Opening JDBC Connection
2020-08-27 16:21:29,923 0      [           main] DEBUG ache.ibatis.logging.LogFactory  - Logging initialized using 'class org.apache.ibatis.logging.log4j.Log4jImpl' adapter.
2020-08-27 16:21:30,119 196    [           main] DEBUG source.pooled.PooledDataSource  - PooledDataSource forcefully closed/removed all connections.
2020-08-27 16:21:30,119 196    [           main] DEBUG source.pooled.PooledDataSource  - PooledDataSource forcefully closed/removed all connections.
2020-08-27 16:21:30,119 196    [           main] DEBUG source.pooled.PooledDataSource  - PooledDataSource forcefully closed/removed all connections.
2020-08-27 16:21:30,120 197    [           main] DEBUG source.pooled.PooledDataSource  - PooledDataSource forcefully closed/removed all connections.
2020-08-27 16:21:30,291 368    [           main] DEBUG ansaction.jdbc.JdbcTransaction  - Opening JDBC Connection
2020-08-27 16:21:30,596 673    [           main] DEBUG source.pooled.PooledDataSource  - Created connection 422250493.
2020-08-27 16:21:30,596 673    [           main] DEBUG ansaction.jdbc.JdbcTransaction  - Setting autocommit to false on JDBC Connection [com.mysql.jdbc.JDBC4Connection@192b07fd]
2020-08-27 16:21:30,599 676    [           main] DEBUG           dao.IUserDao.findAll  - ==>  Preparing: select * from user 
2020-08-27 16:21:30,632 709    [           main] DEBUG           dao.IUserDao.findAll  - ==> Parameters: 
2020-08-27 16:21:30,670 747    [           main] DEBUG           dao.IUserDao.findAll  - <==      Total: 6
2020-08-27 16:21:30,671 748    [           main] DEBUG ansaction.jdbc.JdbcTransaction  - Resetting autocommit to true on JDBC Connection [com.mysql.jdbc.JDBC4Connection@192b07fd]
2020-08-27 16:21:30,672 749    [           main] DEBUG ansaction.jdbc.JdbcTransaction  - Closing JDBC Connection [com.mysql.jdbc.JDBC4Connection@192b07fd]
2020-08-27 16:21:30,672 749    [           main] DEBUG source.pooled.PooledDataSource  - Returned connection 422250493 to pool.
2020-08-30 11:11:02,248 0      [           main] DEBUG ache.ibatis.logging.LogFactory  - Logging initialized using 'class org.apache.ibatis.logging.log4j.Log4jImpl' adapter.
2020-08-30 11:11:02,478 230    [           main] DEBUG source.pooled.PooledDataSource  - PooledDataSource forcefully closed/removed all connections.
2020-08-30 11:11:02,478 230    [           main] DEBUG source.pooled.PooledDataSource  - PooledDataSource forcefully closed/removed all connections.
2020-08-30 11:11:02,478 230    [           main] DEBUG source.pooled.PooledDataSource  - PooledDataSource forcefully closed/removed all connections.
2020-08-30 11:11:02,478 230    [           main] DEBUG source.pooled.PooledDataSource  - PooledDataSource forcefully closed/removed all connections.
2020-08-30 11:11:02,588 340    [           main] DEBUG ansaction.jdbc.JdbcTransaction  - Opening JDBC Connection
2020-08-30 11:12:19,532 0      [           main] DEBUG ache.ibatis.logging.LogFactory  - Logging initialized using 'class org.apache.ibatis.logging.log4j.Log4jImpl' adapter.
2020-08-30 11:12:19,763 231    [           main] DEBUG source.pooled.PooledDataSource  - PooledDataSource forcefully closed/removed all connections.
2020-08-30 11:12:19,763 231    [           main] DEBUG source.pooled.PooledDataSource  - PooledDataSource forcefully closed/removed all connections.
2020-08-30 11:12:19,763 231    [           main] DEBUG source.pooled.PooledDataSource  - PooledDataSource forcefully closed/removed all connections.
2020-08-30 11:12:19,763 231    [           main] DEBUG source.pooled.PooledDataSource  - PooledDataSource forcefully closed/removed all connections.
2020-08-30 11:12:19,877 345    [           main] DEBUG ansaction.jdbc.JdbcTransaction  - Opening JDBC Connection
2020-08-30 11:12:20,175 643    [           main] DEBUG source.pooled.PooledDataSource  - Created connection 422250493.
2020-08-30 11:12:20,175 643    [           main] DEBUG ansaction.jdbc.JdbcTransaction  - Setting autocommit to false on JDBC Connection [com.mysql.jdbc.JDBC4Connection@192b07fd]
2020-08-30 11:12:20,178 646    [           main] DEBUG           dao.IUserDao.findAll  - ==>  Preparing: select * from user 
2020-08-30 11:12:20,212 680    [           main] DEBUG           dao.IUserDao.findAll  - ==> Parameters: 
2020-08-30 11:12:20,261 729    [           main] DEBUG           dao.IUserDao.findAll  - <==      Total: 6
2020-08-30 11:12:20,262 730    [           main] DEBUG ansaction.jdbc.JdbcTransaction  - Resetting autocommit to true on JDBC Connection [com.mysql.jdbc.JDBC4Connection@192b07fd]
2020-08-30 11:12:20,263 731    [           main] DEBUG ansaction.jdbc.JdbcTransaction  - Closing JDBC Connection [com.mysql.jdbc.JDBC4Connection@192b07fd]
2020-08-30 11:12:20,263 731    [           main] DEBUG source.pooled.PooledDataSource  - Returned connection 422250493 to pool.
